# JRE version: OpenJDK Runtime Environment (15.0.1+9) (build 15.0.1+9-18)
# Java VM: OpenJDK 64-Bit Server VM (15.0.1+9-18, mixed mode, sharing, tiered, compressed oops, g1 gc, windows-amd64)
GC Precious Log:
 CPUs: 8 total, 8 available
 Memory: 32679M
 Large Page Support: Disabled
 NUMA Support: Disabled
 Compressed Oops: Enabled (Zero based)
 Heap Region Size: 4M
 Heap Min Capacity: 8M
 Heap Initial Capacity: 512M
 Heap Max Capacity: 8172M
 Pre-touch: Disabled
 Parallel Workers: 8
 Concurrent Workers: 2
 Concurrent Refinement Workers: 8
 Periodic GC: Disabled
Heap:
 garbage-first heap   total 57344K, used 7786K [0x0000000601400000, 0x0000000800000000)
  region size 4096K, 3 young (12288K), 2 survivors (8192K)
 Metaspace       used 20926K, capacity 21156K, committed 21504K, reserved 1069056K
  class space    used 2127K, capacity 2184K, committed 2304K, reserved 1048576K
GC Heap History (14 events):
Event: 0.484 GC heap before
{Heap before GC invocations=0 (full 0):
 garbage-first heap   total 524288K, used 24576K [0x0000000601400000, 0x0000000800000000)
  region size 4096K, 6 young (24576K), 0 survivors (0K)
 Metaspace       used 8503K, capacity 8644K, committed 8960K, reserved 1056768K
  class space    used 913K, capacity 959K, committed 1024K, reserved 1048576K
}
Event: 0.486 GC heap after
{Heap after GC invocations=1 (full 0):
 garbage-first heap   total 524288K, used 3498K [0x0000000601400000, 0x0000000800000000)
  region size 4096K, 1 young (4096K), 1 survivors (4096K)
 Metaspace       used 8503K, capacity 8644K, committed 8960K, reserved 1056768K
  class space    used 913K, capacity 959K, committed 1024K, reserved 1048576K
}
Event: 0.695 GC heap before
{Heap before GC invocations=1 (full 0):
 garbage-first heap   total 524288K, used 28074K [0x0000000601400000, 0x0000000800000000)
  region size 4096K, 7 young (28672K), 1 survivors (4096K)
 Metaspace       used 13679K, capacity 13828K, committed 14080K, reserved 1062912K
  class space    used 1423K, capacity 1471K, committed 1536K, reserved 1048576K
}
Event: 0.698 GC heap after
{Heap after GC invocations=2 (full 0):
 garbage-first heap   total 524288K, used 4422K [0x0000000601400000, 0x0000000800000000)
  region size 4096K, 1 young (4096K), 1 survivors (4096K)
 Metaspace       used 13679K, capacity 13828K, committed 14080K, reserved 1062912K
  class space    used 1423K, capacity 1471K, committed 1536K, reserved 1048576K
}
Event: 13.109 GC heap before
{Heap before GC invocations=2 (full 0):
 garbage-first heap   total 524288K, used 53574K [0x0000000601400000, 0x0000000800000000)
  region size 4096K, 13 young (53248K), 1 survivors (4096K)
 Metaspace       used 19964K, capacity 20132K, committed 20352K, reserved 1067008K
  class space    used 2084K, capacity 2120K, committed 2176K, reserved 1048576K
}
Event: 13.111 GC heap after
{Heap after GC invocations=3 (full 0):
 garbage-first heap   total 524288K, used 5524K [0x0000000601400000, 0x0000000800000000)
  region size 4096K, 1 young (4096K), 1 survivors (4096K)
 Metaspace       used 19964K, capacity 20132K, committed 20352K, reserved 1067008K
  class space    used 2084K, capacity 2120K, committed 2176K, reserved 1048576K
}
Event: 69.623 GC heap before
{Heap before GC invocations=3 (full 0):
 garbage-first heap   total 524288K, used 312724K [0x0000000601400000, 0x0000000800000000)
  region size 4096K, 76 young (311296K), 1 survivors (4096K)
 Metaspace       used 20708K, capacity 20900K, committed 21248K, reserved 1069056K
  class space    used 2124K, capacity 2184K, committed 2304K, reserved 1048576K
}
Event: 69.626 GC heap after
{Heap after GC invocations=4 (full 0):
 garbage-first heap   total 524288K, used 7480K [0x0000000601400000, 0x0000000800000000)
  region size 4096K, 1 young (4096K), 1 survivors (4096K)
 Metaspace       used 20708K, capacity 20900K, committed 21248K, reserved 1069056K
  class space    used 2124K, capacity 2184K, committed 2304K, reserved 1048576K
}
Event: 131.749 GC heap before
{Heap before GC invocations=4 (full 0):
 garbage-first heap   total 524288K, used 314680K [0x0000000601400000, 0x0000000800000000)
  region size 4096K, 76 young (311296K), 1 survivors (4096K)
 Metaspace       used 20856K, capacity 21028K, committed 21248K, reserved 1069056K
  class space    used 2124K, capacity 2184K, committed 2304K, reserved 1048576K
}
Event: 131.753 GC heap after
{Heap after GC invocations=5 (full 0):
 garbage-first heap   total 524288K, used 8540K [0x0000000601400000, 0x0000000800000000)
  region size 4096K, 2 young (8192K), 2 survivors (8192K)
 Metaspace       used 20856K, capacity 21028K, committed 21248K, reserved 1069056K
  class space    used 2124K, capacity 2184K, committed 2304K, reserved 1048576K
}
Event: 162.987 GC heap before
{Heap before GC invocations=5 (full 0):
 garbage-first heap   total 524288K, used 311644K [0x0000000601400000, 0x0000000800000000)
  region size 4096K, 76 young (311296K), 2 survivors (8192K)
 Metaspace       used 20922K, capacity 21092K, committed 21248K, reserved 1069056K
  class space    used 2127K, capacity 2184K, committed 2304K, reserved 1048576K
}
Event: 162.992 GC heap after
{Heap after GC invocations=6 (full 0):
 garbage-first heap   total 524288K, used 8517K [0x0000000601400000, 0x0000000800000000)
  region size 4096K, 2 young (8192K), 2 survivors (8192K)
 Metaspace       used 20922K, capacity 21092K, committed 21248K, reserved 1069056K
  class space    used 2127K, capacity 2184K, committed 2304K, reserved 1048576K
}
Event: 163.028 GC heap before
{Heap before GC invocations=6 (full 0):
 garbage-first heap   total 524288K, used 8517K [0x0000000601400000, 0x0000000800000000)
  region size 4096K, 3 young (12288K), 2 survivors (8192K)
 Metaspace       used 20924K, capacity 21092K, committed 21248K, reserved 1069056K
  class space    used 2127K, capacity 2184K, committed 2304K, reserved 1048576K
}
Event: 163.031 GC heap after
{Heap after GC invocations=7 (full 0):
 garbage-first heap   total 524288K, used 7786K [0x0000000601400000, 0x0000000800000000)
  region size 4096K, 2 young (8192K), 2 survivors (8192K)
 Metaspace       used 20924K, capacity 21092K, committed 21248K, reserved 1069056K
  class space    used 2127K, capacity 2184K, committed 2304K, reserved 1048576K
}

